<?xml version="1.0" encoding="UTF-8"?>
<!-- Generated by org.testng.reporters.JUnitXMLReporter -->
<testsuite hostname="WKWIN4774218" ignored="0" name="BankingApp Test" tests="1" failures="1" timestamp="2020-08-14T11:07:00 IST" time="31.27" errors="0">
  <testcase name="deposit" time="7.655" classname="com.inetbanking.TestCases.TC_Deposit_004">
    <failure type="java.lang.AssertionError" message="expected [true] but found [false]">
      <![CDATA[java.lang.AssertionError: expected [true] but found [false]
at com.inetbanking.TestCases.TC_Deposit_004.deposit(TC_Deposit_004.java:37)
at java.util.ArrayList.forEach(ArrayList.java:1257)
... Removed 31 stack frames]]>
    </failure>
  </testcase> <!-- deposit -->
</testsuite> <!-- BankingApp Test -->
