<?xml version="1.0" encoding="UTF-8"?>
<!-- Generated by org.testng.reporters.JUnitXMLReporter -->
<testsuite hostname="WKWIN4774218" ignored="0" name="Test" tests="1" failures="0" timestamp="06 Aug 2020 11:03:39 GMT" time="0.072" errors="0">
  <testcase name="@BeforeClass setup" time="0.0" classname="com.inetbanking.TestCases.BaseClass">
    <failure type="org.testng.TestNGException" message="
Parameter &amp;apos;browser&amp;apos; is required by BeforeClass on method setup but has not been marked @Optional or defined
in C:\Users\mprlaxmi\eclipse-workspace\SA\inetbanking\testng.xml">
      <![CDATA[org.testng.TestNGException: 
Parameter 'browser' is required by BeforeClass on method setup but has not been marked @Optional or defined
in C:\Users\mprlaxmi\eclipse-workspace\SA\inetbanking\testng.xml
... Removed 23 stack frames]]>
    </failure>
  </testcase> <!-- @BeforeClass setup -->
  <testcase name="@AfterClass teardown" time="0.0" classname="com.inetbanking.TestCases.BaseClass">
    <skipped/>
  </testcase> <!-- @AfterClass teardown -->
  <testcase name="LoginTest" time="0.0" classname="com.inetbanking.TestCases.TC_LoginTest_001">
    <skipped/>
  </testcase> <!-- LoginTest -->
</testsuite> <!-- Test -->
